{
  "stats": {
    "suites": 2,
    "tests": 2,
    "passes": 2,
    "pending": 0,
    "failures": 0,
    "start": "2024-09-26T23:50:42.328Z",
    "end": "2024-09-26T23:50:52.060Z",
    "duration": 9732,
    "testsRegistered": 2,
    "passPercent": 100,
    "pendingPercent": 0,
    "other": 0,
    "hasOther": false,
    "skipped": 0,
    "hasSkipped": false
  },
  "results": [
    {
      "uuid": "35186f25-cab5-4411-bc0d-2cc26df4548a",
      "title": "",
      "fullFile": "",
      "file": "",
      "beforeHooks": [],
      "afterHooks": [],
      "tests": [],
      "suites": [
        {
          "uuid": "64d6d32a-bcf5-43fb-8ca3-3df65629c83a",
          "title": "add another todo test",
          "fullFile": "/Users/renzlauren/Desktop/seleniumDemo/test/secondTest.js",
          "file": "/test/secondTest.js",
          "beforeHooks": [],
          "afterHooks": [],
          "tests": [
            {
              "title": "successfully adds another todo to application",
              "fullTitle": "add another todo test successfully adds another todo to application",
              "timedOut": null,
              "duration": 9098,
              "state": "passed",
              "speed": "slow",
              "pass": true,
              "fail": false,
              "pending": false,
              "context": null,
              "code": "const chai = await import(\"chai\");\nconst should = chai.should();\nlet driver = await new Builder().forBrowser(\"chrome\").build();\ntry {\n    await driver.get(\"https://lambdatest.github.io/sample-todo-app/\");\n    await driver.findElement(By.id(\"sampletodotext\")).sendKeys(\"Learn Selenium\", Key.RETURN);\n    let todoText = await driver.findElement(By.xpath(\"//li[last()]\")).getText().then(function (value) {\n        return value;\n    });\n    todoText.should.equal(\"Learn Selenium\");\n    await driver.quit();\n} catch (error) {\n    console.error(\"Error during test execution:\", error);\n    throw error;  // Ensure Mocha catches the failure\n}",
              "err": {},
              "uuid": "d62d8836-8b1f-4863-860a-d25cf28d2056",
              "parentUUID": null,
              "isHook": false,
              "skipped": false
            }
          ],
          "suites": [],
          "passes": [
            "d62d8836-8b1f-4863-860a-d25cf28d2056"
          ],
          "failures": [],
          "pending": [],
          "skipped": [],
          "duration": 9098,
          "root": false,
          "rootEmpty": false,
          "_timeout": null
        },
        {
          "uuid": "375123c9-d7a4-41a0-acbf-0b0d7d23f414",
          "title": "add todo test",
          "fullFile": "/Users/renzlauren/Desktop/seleniumDemo/test/firstTest.js",
          "file": "/test/firstTest.js",
          "beforeHooks": [],
          "afterHooks": [],
          "tests": [
            {
              "title": "successfully adds a todo to application",
              "fullTitle": "add todo test successfully adds a todo to application",
              "timedOut": null,
              "duration": 9293,
              "state": "passed",
              "speed": "slow",
              "pass": true,
              "fail": false,
              "pending": false,
              "context": null,
              "code": "// Dynamically import chai\n        const chai = await import(\"chai\");\n        const should = chai.should();\n        // launch browser\n        let driver = await new Builder().forBrowser(\"chrome\").build();\n        try {\n            // navigate to application\n            await driver.get(\"https://lambdatest.github.io/sample-todo-app/\");\n            // add a todo entry\n            await driver.findElement(By.id(\"sampletodotext\")).sendKeys(\"Learn Selenium\", Key.RETURN);\n            // assert\n            let todoText = await driver.findElement(By.xpath(\"//li[last()]\")).getText().then(function (value) {\n                return value;\n            });\n            // assert using chai should\n            todoText.should.equal(\"Learn Selenium\");\n            // close the browser if no error occurs\n            await driver.quit();\n        } catch (error) {\n            // Log the error for debugging\n            console.error(\"Error during test execution:\", error);\n            // Rethrow the error to ensure the test fails properly\n            throw error;\n        }",
              "err": {},
              "uuid": "558d31b8-17f3-4162-8714-a797dbf2a76a",
              "parentUUID": null,
              "isHook": false,
              "skipped": false
            }
          ],
          "suites": [],
          "passes": [
            "558d31b8-17f3-4162-8714-a797dbf2a76a"
          ],
          "failures": [],
          "pending": [],
          "skipped": [],
          "duration": 9293,
          "root": false,
          "rootEmpty": false,
          "_timeout": null
        }
      ],
      "passes": [],
      "failures": [],
      "pending": [],
      "skipped": [],
      "duration": 0,
      "root": true,
      "rootEmpty": true,
      "_timeout": 0
    }
  ],
  "meta": {
    "mocha": {
      "version": "10.7.3"
    },
    "mochawesome": {
      "options": {
        "quiet": false,
        "reportFilename": "mochawesome",
        "saveHtml": true,
        "saveJson": true,
        "consoleReporter": "spec",
        "useInlineDiffs": false,
        "code": true
      },
      "version": "7.1.3"
    },
    "marge": {
      "options": null,
      "version": "6.2.0"
    }
  }
}