{
  "stats": {
    "suites": 2,
    "tests": 3,
    "passes": 2,
    "pending": 0,
    "failures": 1,
    "start": "2024-09-26T20:45:14.955Z",
    "end": "2024-09-26T20:45:28.117Z",
    "duration": 13162,
    "testsRegistered": 3,
    "passPercent": 66.66666666666666,
    "pendingPercent": 0,
    "other": 0,
    "hasOther": false,
    "skipped": 0,
    "hasSkipped": false
  },
  "results": [
    {
      "uuid": "f538195c-1c71-4730-a729-15ce6457762e",
      "title": "",
      "fullFile": "",
      "file": "",
      "beforeHooks": [],
      "afterHooks": [],
      "tests": [],
      "suites": [
        {
          "uuid": "b8f56e7d-61c9-4dc0-ab26-3cb17707e239",
          "title": "add todo test",
          "fullFile": "/Users/renzlauren/Desktop/seleniumDemo/test/firstTest.js",
          "file": "/test/firstTest.js",
          "beforeHooks": [],
          "afterHooks": [],
          "tests": [
            {
              "title": "successfully adds a todo to application",
              "fullTitle": "add todo test successfully adds a todo to application",
              "timedOut": null,
              "duration": 10654,
              "state": "passed",
              "speed": "slow",
              "pass": true,
              "fail": false,
              "pending": false,
              "context": null,
              "code": "// Dynamically import chai\n        const chai = await import(\"chai\");\n        const should = chai.should();\n        // launch browser\n        let driver = await new Builder().forBrowser(\"chrome\").build();\n        try {\n            // navigate to application\n            await driver.get(\"https://lambdatest.github.io/sample-todo-app/\");\n            // add a todo entry\n            await driver.findElement(By.id(\"sampletodotext\")).sendKeys(\"Learn Selenium\", Key.RETURN);\n            // assert\n            let todoText = await driver.findElement(By.xpath(\"//li[last()]\")).getText().then(function (value) {\n                return value;\n            });\n            // assert using chai should\n            todoText.should.equal(\"Learn Selenium\");\n            // close the browser if no error occurs\n            await driver.quit();\n        } catch (error) {\n            // Log the error for debugging\n            console.error(\"Error during test execution:\", error);\n            // Rethrow the error to ensure the test fails properly\n            throw error;\n        }",
              "err": {},
              "uuid": "2acf6e14-bf48-4278-8e98-2e24e7bf3a79",
              "parentUUID": null,
              "isHook": false,
              "skipped": false
            }
          ],
          "suites": [],
          "passes": [
            "2acf6e14-bf48-4278-8e98-2e24e7bf3a79"
          ],
          "failures": [],
          "pending": [],
          "skipped": [],
          "duration": 10654,
          "root": false,
          "rootEmpty": false,
          "_timeout": null
        },
        {
          "uuid": "f56793c2-fc2b-47ea-9eb0-a474bea3a946",
          "title": "add another todo test",
          "fullFile": "/Users/renzlauren/Desktop/seleniumDemo/test/secondTest.js",
          "file": "/test/secondTest.js",
          "beforeHooks": [],
          "afterHooks": [],
          "tests": [
            {
              "title": "successfully adds another todo to application",
              "fullTitle": "add another todo test successfully adds another todo to application",
              "timedOut": null,
              "duration": 9970,
              "state": "passed",
              "speed": "slow",
              "pass": true,
              "fail": false,
              "pending": false,
              "context": null,
              "code": "const chai = await import(\"chai\");\nconst should = chai.should();\nlet driver = await new Builder().forBrowser(\"chrome\").build();\ntry {\n    await driver.get(\"https://lambdatest.github.io/sample-todo-app/\");\n    await driver.findElement(By.id(\"sampletodotext\")).sendKeys(\"Learn Selenium\", Key.RETURN);\n    let todoText = await driver.findElement(By.xpath(\"//li[last()]\")).getText().then(function (value) {\n        return value;\n    });\n    todoText.should.equal(\"Learn Selenium\");\n    await driver.quit();\n} catch (error) {\n    console.error(\"Error during test execution:\", error);\n    throw error;  // Ensure Mocha catches the failure\n}",
              "err": {},
              "uuid": "0d76017e-1a67-4181-ac52-256a773a775f",
              "parentUUID": null,
              "isHook": false,
              "skipped": false
            },
            {
              "title": "should fail because of incorrect text assertion",
              "fullTitle": "add another todo test should fail because of incorrect text assertion",
              "timedOut": null,
              "duration": 2606,
              "state": "failed",
              "speed": null,
              "pass": false,
              "fail": true,
              "pending": false,
              "context": null,
              "code": "const chai = await import(\"chai\");\nconst should = chai.should();\nlet driver = await new Builder().forBrowser(\"chrome\").build();\ntry {\n    await driver.get(\"https://lambdatest.github.io/sample-todo-app/\");\n    await driver.findElement(By.id(\"sampletodotext\")).sendKeys(\"Learn Selenium\", Key.RETURN);\n    let todoText = await driver.findElement(By.xpath(\"//li[last()]\")).getText().then(function (value) {\n        return value;\n    });\n    todoText.should.equal(\"Learn JavaSasdasdacript\");  // Incorrect assertion\n    await driver.quit();\n} catch (error) {\n    console.error(\"Error during test execution:\", error);\n    throw error;  // Rethrow error to fail the test\n}",
              "err": {
                "message": "AssertionError: expected 'Learn Selenium' to equal 'Learn JavaSasdasdacript'",
                "estack": "AssertionError: expected 'Learn Selenium' to equal 'Learn JavaSasdasdacript'\n    at Context.<anonymous> (test/secondTest.js:42:29)\n    at process.processTicksAndRejections (node:internal/process/task_queues:95:5)",
                "diff": "- Learn Selenium\n+ Learn JavaSasdasdacript\n"
              },
              "uuid": "855790a7-34cc-4804-a1d2-6137b3a186fb",
              "parentUUID": null,
              "isHook": false,
              "skipped": false
            }
          ],
          "suites": [],
          "passes": [
            "0d76017e-1a67-4181-ac52-256a773a775f"
          ],
          "failures": [
            "855790a7-34cc-4804-a1d2-6137b3a186fb"
          ],
          "pending": [],
          "skipped": [],
          "duration": 12576,
          "root": false,
          "rootEmpty": false,
          "_timeout": null
        }
      ],
      "passes": [],
      "failures": [],
      "pending": [],
      "skipped": [],
      "duration": 0,
      "root": true,
      "rootEmpty": true,
      "_timeout": 0
    }
  ],
  "meta": {
    "mocha": {
      "version": "10.7.3"
    },
    "mochawesome": {
      "options": {
        "quiet": false,
        "reportFilename": "mochawesome",
        "saveHtml": true,
        "saveJson": true,
        "consoleReporter": "spec",
        "useInlineDiffs": false,
        "code": true
      },
      "version": "7.1.3"
    },
    "marge": {
      "options": null,
      "version": "6.2.0"
    }
  }
}